Vivado Simulator 2020.1
Copyright 1986-1999, 2001-2020 Xilinx, Inc. All Rights Reserved.
Running: C:/Xilinx/Vivado/2020.1/bin/unwrapped/win64.o/xelab.exe -wto c7028b68a3c3430daa4f4c7080047760 --incr --debug typical --relax --mt 2 -L xil_defaultlib -L secureip --snapshot tb_behav xil_defaultlib.tb -log elaborate.log 
Using 2 slave threads.
Starting static elaboration
Completed static elaboration
Starting simulation data flow analysis
Completed simulation data flow analysis
Time Resolution for simulation is 1ps
Compiling package std.standard
Compiling package std.textio
Compiling package ieee.std_logic_1164
Compiling package ieee.numeric_std
Compiling package ieee.std_logic_arith
Compiling package ieee.std_logic_unsigned
Compiling package ieee.math_real
Compiling architecture behavioral of entity xil_defaultlib.fifo [fifo_default]
Compiling architecture behavioral of entity xil_defaultlib.rgb2gray [rgb2gray_default]
Compiling architecture behavioral of entity xil_defaultlib.line_buffer [line_buffer_default]
Compiling architecture behavioral of entity xil_defaultlib.sobel_control [sobel_control_default]
Compiling architecture behavioral of entity xil_defaultlib.sobel [sobel_default]
Compiling architecture behavioral of entity xil_defaultlib.axis_sobel [axis_sobel_default]
Compiling architecture behavioral of entity xil_defaultlib.tb
Built simulation snapshot tb_behav
